GAS LISTING /tmp/ccK4da9p.s 			page 1


   1              		.file	"print.cpp"
   2              		.option pic
   3              		.option norelax
   4              		.text
   5              	.Ltext0:
   6              		.align	2
   7              		.globl	_Z11printStringPKc
   9              	_Z11printStringPKc:
  10              	.LFB17:
  11              		.file 1 "src/print.cpp"
   1:src/print.cpp **** #include "../h/print.h"
   2:src/print.cpp **** #include "../h/console.h"
   3:src/print.cpp **** #include "../h/kernel.h"
   4:src/print.cpp **** 
   5:src/print.cpp **** void printString(char const *string)
   6:src/print.cpp **** {
  12              		.loc 1 6 1
  13              		.cfi_startproc
  14              	.LVL0:
  15 0000 130101FD 		addi	sp,sp,-48
  16              		.cfi_def_cfa_offset 48
  17 0004 23341102 		sd	ra,40(sp)
  18 0008 23308102 		sd	s0,32(sp)
  19 000c 233C9100 		sd	s1,24(sp)
  20 0010 23382101 		sd	s2,16(sp)
  21              		.cfi_offset 1, -8
  22              		.cfi_offset 8, -16
  23              		.cfi_offset 9, -24
  24              		.cfi_offset 18, -32
  25 0014 13040103 		addi	s0,sp,48
  26              		.cfi_def_cfa 8, 0
  27 0018 93040500 		mv	s1,a0
   7:src/print.cpp ****     size_t sstatus = Kernel::r_sstatus();
  28              		.loc 1 7 5
  29              	.LBB26:
  30              	.LBB27:
  31              		.file 2 "src/../h/kernel.h"
   1:src/../h/kernel.h **** #ifndef KERNEL_H
   2:src/../h/kernel.h **** #define KERNEL_H
   3:src/../h/kernel.h **** 
   4:src/../h/kernel.h **** #include "hw.h"
   5:src/../h/kernel.h **** 
   6:src/../h/kernel.h **** class Kernel {
   7:src/../h/kernel.h **** public:
   8:src/../h/kernel.h **** 
   9:src/../h/kernel.h ****     // postavlja code u registar a0
  10:src/../h/kernel.h ****     static size_t setCode(size_t code) {
  11:src/../h/kernel.h ****         return code;
  12:src/../h/kernel.h ****     }
  13:src/../h/kernel.h **** 
  14:src/../h/kernel.h ****     // kodovi po kojima se prepoznaju sistemski pozivi
  15:src/../h/kernel.h ****     enum sysCallCodes {
  16:src/../h/kernel.h ****         mem_alloc = 0x01,
  17:src/../h/kernel.h ****         mem_free = 0x02,
  18:src/../h/kernel.h ****         thread_create = 0x11,
  19:src/../h/kernel.h ****         thread_exit = 0x12,
  20:src/../h/kernel.h ****         thread_dispatch = 0x13,
GAS LISTING /tmp/ccK4da9p.s 			page 2


  21:src/../h/kernel.h ****         thread_start = 0x14,
  22:src/../h/kernel.h ****         sem_open = 0x21,
  23:src/../h/kernel.h ****         sem_close = 0x22,
  24:src/../h/kernel.h ****         sem_wait = 0x23,
  25:src/../h/kernel.h ****         sem_signal = 0x24,
  26:src/../h/kernel.h ****         tim_sleep = 0x31,
  27:src/../h/kernel.h ****         getc = 0x41,
  28:src/../h/kernel.h ****         putc = 0x42
  29:src/../h/kernel.h ****     };
  30:src/../h/kernel.h **** 
  31:src/../h/kernel.h ****     // pop sstatus.spp and sstatus.spie bits (has to be a non inline function)
  32:src/../h/kernel.h ****     static void popSppSpie();
  33:src/../h/kernel.h **** 
  34:src/../h/kernel.h ****     // cita registar scause (uzrok nastanka prekida)
  35:src/../h/kernel.h ****     static size_t r_scause() {
  36:src/../h/kernel.h ****         size_t volatile scause;
  37:src/../h/kernel.h ****         __asm__ volatile ("csrr %[scause], scause" : [scause] "=r"(scause));
  38:src/../h/kernel.h ****         return scause;
  39:src/../h/kernel.h ****     }
  40:src/../h/kernel.h **** 
  41:src/../h/kernel.h ****     // upisuje u registar scause (uzrok nastanka prekida)
  42:src/../h/kernel.h ****     static void w_scause(size_t scause) {
  43:src/../h/kernel.h ****         __asm__ volatile ("csrw scause, %[scause]" : : [scause] "r"(scause));
  44:src/../h/kernel.h ****     }
  45:src/../h/kernel.h **** 
  46:src/../h/kernel.h ****     // cita registar sepc
  47:src/../h/kernel.h ****     static size_t r_sepc() {
  48:src/../h/kernel.h ****         size_t volatile sepc;
  49:src/../h/kernel.h ****         __asm__ volatile ("csrr %[sepc], sepc" : [sepc] "=r"(sepc));
  50:src/../h/kernel.h ****         return sepc;
  51:src/../h/kernel.h ****     }
  52:src/../h/kernel.h **** 
  53:src/../h/kernel.h ****     // upisuje u registar sepc
  54:src/../h/kernel.h ****     static void w_sepc(size_t sepc) {
  55:src/../h/kernel.h ****         __asm__ volatile ("csrw sepc, %[sepc]" : : [sepc] "r"(sepc));
  56:src/../h/kernel.h ****     }
  57:src/../h/kernel.h **** 
  58:src/../h/kernel.h ****     // read register stvec
  59:src/../h/kernel.h ****     static size_t r_stvec() {
  60:src/../h/kernel.h ****         size_t volatile stvec;
  61:src/../h/kernel.h ****         __asm__ volatile ("csrr %[stvec], stvec" : [stvec] "=r"(stvec));
  62:src/../h/kernel.h ****         return stvec;
  63:src/../h/kernel.h ****     }
  64:src/../h/kernel.h **** 
  65:src/../h/kernel.h ****     // write register stvec
  66:src/../h/kernel.h ****     static void w_stvec(size_t stvec) {
  67:src/../h/kernel.h ****         __asm__ volatile ("csrw stvec, %[stvec]" : : [stvec] "r"(stvec));
  68:src/../h/kernel.h ****     }
  69:src/../h/kernel.h **** 
  70:src/../h/kernel.h ****     // read register stval
  71:src/../h/kernel.h ****     static size_t r_stval() {
  72:src/../h/kernel.h ****         size_t volatile stval;
  73:src/../h/kernel.h ****         __asm__ volatile ("csrr %[stval], stval" : [stval] "=r"(stval));
  74:src/../h/kernel.h ****         return stval;
  75:src/../h/kernel.h ****     }
  76:src/../h/kernel.h **** 
  77:src/../h/kernel.h ****     // write register stval
GAS LISTING /tmp/ccK4da9p.s 			page 3


  78:src/../h/kernel.h ****     static void w_stval(size_t stval) {
  79:src/../h/kernel.h ****         __asm__ volatile ("csrw stval, %[stval]" : : [stval] "r"(stval));
  80:src/../h/kernel.h ****     }
  81:src/../h/kernel.h **** 
  82:src/../h/kernel.h ****     enum BitMaskSip
  83:src/../h/kernel.h ****     {
  84:src/../h/kernel.h ****         SIP_SSIE = (1 << 1), // da li su dozvoljeni softverski prekidi
  85:src/../h/kernel.h ****         SIP_SEIE = (1 << 9), // da li su dozvoljeni spoljasnji hardverski prekidi
  86:src/../h/kernel.h ****     };
  87:src/../h/kernel.h **** 
  88:src/../h/kernel.h ****     // postavljanje odredjenih bitova (BitMaskSip) u registar sip
  89:src/../h/kernel.h ****     static void ms_sip(size_t mask) {
  90:src/../h/kernel.h ****         __asm__ volatile ("csrs sip, %[mask]" : : [mask] "r"(mask));
  91:src/../h/kernel.h ****     }
  92:src/../h/kernel.h **** 
  93:src/../h/kernel.h ****     // brisanje odredjenih bitova (BitMaskSip) iz registra sip
  94:src/../h/kernel.h ****     static void mc_sip(size_t mask) {
  95:src/../h/kernel.h ****         __asm__ volatile ("csrc sip, %[mask]" : : [mask] "r"(mask));
  96:src/../h/kernel.h ****     }
  97:src/../h/kernel.h **** 
  98:src/../h/kernel.h ****     // citanje iz registra sip
  99:src/../h/kernel.h ****     static size_t r_sip() {
 100:src/../h/kernel.h ****         size_t volatile sip;
 101:src/../h/kernel.h ****         __asm__ volatile ("csrr %[sip], sip" : [sip] "=r"(sip));
 102:src/../h/kernel.h ****         return sip;
 103:src/../h/kernel.h ****     }
 104:src/../h/kernel.h **** 
 105:src/../h/kernel.h ****     // upis u registar sip
 106:src/../h/kernel.h ****     static void w_sip(size_t sip) {
 107:src/../h/kernel.h ****         __asm__ volatile ("csrw sip, %[sip]" : : [sip] "r"(sip));
 108:src/../h/kernel.h ****     }
 109:src/../h/kernel.h **** 
 110:src/../h/kernel.h ****     enum BitMaskSstatus
 111:src/../h/kernel.h ****     {
 112:src/../h/kernel.h ****         SSTATUS_SIE = (1 << 1),
 113:src/../h/kernel.h ****         SSTATUS_SPIE = (1 << 5),
 114:src/../h/kernel.h ****         SSTATUS_SPP = (1 << 8),
 115:src/../h/kernel.h ****     };
 116:src/../h/kernel.h **** 
 117:src/../h/kernel.h ****     // mask set register sstatus
 118:src/../h/kernel.h ****     static void ms_sstatus(size_t mask) {
 119:src/../h/kernel.h ****         __asm__ volatile ("csrs sstatus, %[mask]" : : [mask] "r"(mask));
 120:src/../h/kernel.h ****     }
 121:src/../h/kernel.h **** 
 122:src/../h/kernel.h ****     // mask clear register sstatus
 123:src/../h/kernel.h ****     static void mc_sstatus(size_t mask) {
 124:src/../h/kernel.h ****         __asm__ volatile ("csrc sstatus, %[mask]" : : [mask] "r"(mask));
 125:src/../h/kernel.h ****     }
 126:src/../h/kernel.h **** 
 127:src/../h/kernel.h ****     // read register sstatus
 128:src/../h/kernel.h ****     static size_t r_sstatus() {
 129:src/../h/kernel.h ****         size_t volatile sstatus;
  32              		.loc 2 129 9
 130:src/../h/kernel.h ****         __asm__ volatile ("csrr %[sstatus], sstatus" : [sstatus] "=r"(sstatus));
  33              		.loc 2 130 9
  34              		.loc 2 130 80 is_stmt 0
  35              	#APP
GAS LISTING /tmp/ccK4da9p.s 			page 4


  36              	# 130 "src/../h/kernel.h" 1
 131              	        return sstatus;
  37              		csrr a5, sstatus
  38              	# 0 "" 2
  39              	#NO_APP
  40 0020 233CF4FC 		sd	a5,-40(s0)
  41              		.loc 2 131 9 is_stmt 1
  42              		.loc 2 131 16 is_stmt 0
  43 0024 033984FD 		ld	s2,-40(s0)
  44              	.LVL1:
  45              	.LBE27:
  46              	.LBE26:
   8:src/print.cpp ****     Kernel::mc_sstatus(Kernel::SSTATUS_SIE);
  47              		.loc 1 8 5 is_stmt 1
  48              	.LBB28:
  49              	.LBB29:
 124:src/../h/kernel.h ****     }
  50              		.loc 2 124 9
 124:src/../h/kernel.h ****     }
  51              		.loc 2 124 72 is_stmt 0
  52 0028 93072000 		li	a5,2
  53              	#APP
  54              	# 124 "src/../h/kernel.h" 1
  55              		csrc sstatus, a5
  56              	# 0 "" 2
  57              	.LVL2:
  58              	#NO_APP
  59              	.L3:
  60              	.LBE29:
  61              	.LBE28:
   9:src/print.cpp ****     while (*string != '\0')
  62              		.loc 1 9 5 is_stmt 1
  63              		.loc 1 9 20
  64              		.loc 1 9 12 is_stmt 0
  65 0030 03C50400 		lbu	a0,0(s1)
  66              		.loc 1 9 20
  67 0034 630A0500 		beqz	a0,.L2
  10:src/print.cpp ****     {
  11:src/print.cpp ****         __putc(*string);
  68              		.loc 1 11 9 is_stmt 1
  69              		.loc 1 11 15 is_stmt 0
  70 0038 97000000 		call	__putc@plt
  70      E7800000 
  71              	.LVL3:
  12:src/print.cpp ****         string++;
  72              		.loc 1 12 9 is_stmt 1
  73              		.loc 1 12 15 is_stmt 0
  74 0040 93841400 		addi	s1,s1,1
  75              	.LVL4:
   9:src/print.cpp ****     while (*string != '\0')
  76              		.loc 1 9 5
  77 0044 6FF0DFFE 		j	.L3
  78              	.L2:
  13:src/print.cpp ****     }
  14:src/print.cpp ****     Kernel::ms_sstatus(sstatus & Kernel::SSTATUS_SIE ? Kernel::SSTATUS_SIE : 0);
  79              		.loc 1 14 5 is_stmt 1
  80              		.loc 1 14 54 is_stmt 0
GAS LISTING /tmp/ccK4da9p.s 			page 5


  81 0048 1B090900 		sext.w	s2,s2
  82              	.LVL5:
  83              		.loc 1 14 23
  84 004c 13792900 		andi	s2,s2,2
  85 0050 1B090900 		sext.w	s2,s2
  86              	.LVL6:
  87              	.LBB30:
  88              	.LBB31:
 119:src/../h/kernel.h ****     }
  89              		.loc 2 119 9 is_stmt 1
 119:src/../h/kernel.h ****     }
  90              		.loc 2 119 72 is_stmt 0
  91              	#APP
  92              	# 119 "src/../h/kernel.h" 1
  93              		csrs sstatus, s2
  94              	# 0 "" 2
  95              	.LVL7:
  96              	#NO_APP
  97              	.LBE31:
  98              	.LBE30:
  15:src/print.cpp **** }
  99              		.loc 1 15 1
 100 0058 83308102 		ld	ra,40(sp)
 101              		.cfi_restore 1
 102 005c 03340102 		ld	s0,32(sp)
 103              		.cfi_restore 8
 104              		.cfi_def_cfa 2, 48
 105 0060 83348101 		ld	s1,24(sp)
 106              		.cfi_restore 9
 107              	.LVL8:
 108 0064 03390101 		ld	s2,16(sp)
 109              		.cfi_restore 18
 110 0068 13010103 		addi	sp,sp,48
 111              		.cfi_def_cfa_offset 0
 112 006c 67800000 		jr	ra
 113              		.cfi_endproc
 114              	.LFE17:
 116              		.align	2
 117              		.globl	_Z12printIntegerm
 119              	_Z12printIntegerm:
 120              	.LFB18:
  16:src/print.cpp **** 
  17:src/print.cpp **** void printInteger(size_t integer)
  18:src/print.cpp **** {
 121              		.loc 1 18 1 is_stmt 1
 122              		.cfi_startproc
 123              	.LVL9:
 124 0070 130101FC 		addi	sp,sp,-64
 125              		.cfi_def_cfa_offset 64
 126 0074 233C1102 		sd	ra,56(sp)
 127 0078 23388102 		sd	s0,48(sp)
 128 007c 23349102 		sd	s1,40(sp)
 129 0080 23302103 		sd	s2,32(sp)
 130              		.cfi_offset 1, -8
 131              		.cfi_offset 8, -16
 132              		.cfi_offset 9, -24
 133              		.cfi_offset 18, -32
GAS LISTING /tmp/ccK4da9p.s 			page 6


 134 0084 13040104 		addi	s0,sp,64
 135              		.cfi_def_cfa 8, 0
  19:src/print.cpp ****     size_t sstatus = Kernel::r_sstatus();
 136              		.loc 1 19 5
 137              	.LBB32:
 138              	.LBB33:
 129:src/../h/kernel.h ****         __asm__ volatile ("csrr %[sstatus], sstatus" : [sstatus] "=r"(sstatus));
 139              		.loc 2 129 9
 130:src/../h/kernel.h ****         return sstatus;
 140              		.loc 2 130 9
 130:src/../h/kernel.h ****         return sstatus;
 141              		.loc 2 130 80 is_stmt 0
 142              	#APP
 143              	# 130 "src/../h/kernel.h" 1
 144              		csrr a5, sstatus
 145              	# 0 "" 2
 146              	#NO_APP
 147 008c 2334F4FC 		sd	a5,-56(s0)
 148              		.loc 2 131 9 is_stmt 1
 149              		.loc 2 131 16 is_stmt 0
 150 0090 033984FC 		ld	s2,-56(s0)
 151              	.LVL10:
 152              	.LBE33:
 153              	.LBE32:
  20:src/print.cpp ****     Kernel::mc_sstatus(Kernel::SSTATUS_SIE);
 154              		.loc 1 20 5 is_stmt 1
 155              	.LBB34:
 156              	.LBB35:
 124:src/../h/kernel.h ****     }
 157              		.loc 2 124 9
 124:src/../h/kernel.h ****     }
 158              		.loc 2 124 72 is_stmt 0
 159 0094 93072000 		li	a5,2
 160              	#APP
 161              	# 124 "src/../h/kernel.h" 1
 162              		csrc sstatus, a5
 163              	# 0 "" 2
 164              	.LVL11:
 165              	#NO_APP
 166              	.LBE35:
 167              	.LBE34:
  21:src/print.cpp ****     static char digits[] = "0123456789";
 168              		.loc 1 21 5 is_stmt 1
  22:src/print.cpp ****     char buf[16];
 169              		.loc 1 22 5
  23:src/print.cpp ****     int i, neg;
 170              		.loc 1 23 5
  24:src/print.cpp ****     uint x;
 171              		.loc 1 24 5
  25:src/print.cpp **** 
  26:src/print.cpp ****     neg = 0;
 172              		.loc 1 26 5
  27:src/print.cpp ****     if (integer < 0)
 173              		.loc 1 27 5
  28:src/print.cpp ****     {
  29:src/print.cpp ****         neg = 1;
  30:src/print.cpp ****         x = -integer;
GAS LISTING /tmp/ccK4da9p.s 			page 7


  31:src/print.cpp ****     } else
  32:src/print.cpp ****     {
  33:src/print.cpp ****         x = integer;
 174              		.loc 1 33 9
 175              		.loc 1 33 11 is_stmt 0
 176 009c 1B050500 		sext.w	a0,a0
 177              	.LVL12:
  34:src/print.cpp ****     }
  35:src/print.cpp **** 
  36:src/print.cpp ****     i = 0;
 178              		.loc 1 36 5 is_stmt 1
 179              		.loc 1 36 7 is_stmt 0
 180 00a0 93040000 		li	s1,0
 181              	.LVL13:
 182              	.L6:
  37:src/print.cpp ****     do
 183              		.loc 1 37 5 is_stmt 1
  38:src/print.cpp ****     {
  39:src/print.cpp ****         buf[i++] = digits[x % 10];
 184              		.loc 1 39 9
 185              		.loc 1 39 29 is_stmt 0
 186 00a4 1306A000 		li	a2,10
 187 00a8 3B77C502 		remuw	a4,a0,a2
 188              	.LVL14:
 189              		.loc 1 39 33
 190 00ac 93160702 		slli	a3,a4,32
 191 00b0 93D60602 		srli	a3,a3,32
 192 00b4 17070000 		lla	a4,.LANCHOR0
 192      13070700 
 193 00bc 3307D700 		add	a4,a4,a3
 194 00c0 03470700 		lbu	a4,0(a4)
 195              		.loc 1 39 18
 196 00c4 930604FE 		addi	a3,s0,-32
 197 00c8 B3879600 		add	a5,a3,s1
 198 00cc 9B841400 		addiw	s1,s1,1
 199              	.LVL15:
 200 00d0 2388E7FE 		sb	a4,-16(a5)
  40:src/print.cpp ****     } while ((x /= 10) != 0);
 201              		.loc 1 40 24 is_stmt 1
 202 00d4 1B070500 		sext.w	a4,a0
 203              		.loc 1 40 17 is_stmt 0
 204 00d8 3B55C502 		divuw	a0,a0,a2
 205              	.LVL16:
 206              		.loc 1 40 24
 207 00dc 93079000 		li	a5,9
 208 00e0 E3E2E7FC 		bgtu	a4,a5,.L6
 209              	.LVL17:
 210              	.L8:
  41:src/print.cpp ****     if (neg)
  42:src/print.cpp ****         buf[i++] = '-';
  43:src/print.cpp **** 
  44:src/print.cpp ****     while (--i >= 0) { __putc(buf[i]); }
 211              		.loc 1 44 5 is_stmt 1
 212              		.loc 1 44 16
 213 00e4 9B84F4FF 		addiw	s1,s1,-1
 214              	.LVL18:
 215 00e8 63CE0400 		bltz	s1,.L7
GAS LISTING /tmp/ccK4da9p.s 			page 8


 216              		.loc 1 44 24 discriminator 1
 217              		.loc 1 44 30 is_stmt 0 discriminator 1
 218 00ec 930704FE 		addi	a5,s0,-32
 219 00f0 B3879700 		add	a5,a5,s1
 220 00f4 03C507FF 		lbu	a0,-16(a5)
 221 00f8 97000000 		call	__putc@plt
 221      E7800000 
 222              	.LVL19:
 223 0100 6FF05FFE 		j	.L8
 224              	.L7:
  45:src/print.cpp ****     Kernel::ms_sstatus(sstatus & Kernel::SSTATUS_SIE ? Kernel::SSTATUS_SIE : 0);
 225              		.loc 1 45 5 is_stmt 1
 226              		.loc 1 45 54 is_stmt 0
 227 0104 1B090900 		sext.w	s2,s2
 228              	.LVL20:
 229              		.loc 1 45 23
 230 0108 13792900 		andi	s2,s2,2
 231 010c 1B090900 		sext.w	s2,s2
 232              	.LVL21:
 233              	.LBB36:
 234              	.LBB37:
 119:src/../h/kernel.h ****     }
 235              		.loc 2 119 9 is_stmt 1
 119:src/../h/kernel.h ****     }
 236              		.loc 2 119 72 is_stmt 0
 237              	#APP
 238              	# 119 "src/../h/kernel.h" 1
 239              		csrs sstatus, s2
 240              	# 0 "" 2
 241              	.LVL22:
 242              	#NO_APP
 243              	.LBE37:
 244              	.LBE36:
  46:src/print.cpp **** }
 245              		.loc 1 46 1
 246 0114 83308103 		ld	ra,56(sp)
 247              		.cfi_restore 1
 248 0118 03340103 		ld	s0,48(sp)
 249              		.cfi_restore 8
 250              		.cfi_def_cfa 2, 64
 251 011c 83348102 		ld	s1,40(sp)
 252              		.cfi_restore 9
 253 0120 03390102 		ld	s2,32(sp)
 254              		.cfi_restore 18
 255 0124 13010104 		addi	sp,sp,64
 256              		.cfi_def_cfa_offset 0
 257 0128 67800000 		jr	ra
 258              		.cfi_endproc
 259              	.LFE18:
 261              		.section	.rodata.str1.8,"aMS",@progbits,1
 262              		.align	3
 263              	.LC0:
 264 0000 73636175 		.string	"scause: "
 264      73653A20 
 264      00
 265 0009 00000000 		.align	3
 265      000000
GAS LISTING /tmp/ccK4da9p.s 			page 9


 266              	.LC1:
 267 0010 0A736570 		.string	"\nsepc: "
 267      633A2000 
 268              		.align	3
 269              	.LC2:
 270 0018 0A737476 		.string	"\nstval: "
 270      616C3A20 
 270      00
 271              		.text
 272              		.align	2
 273              		.globl	_Z10printErrorv
 275              	_Z10printErrorv:
 276              	.LFB19:
  47:src/print.cpp **** void printError() {
 277              		.loc 1 47 19 is_stmt 1
 278              		.cfi_startproc
 279 012c 130101FC 		addi	sp,sp,-64
 280              		.cfi_def_cfa_offset 64
 281 0130 233C1102 		sd	ra,56(sp)
 282 0134 23388102 		sd	s0,48(sp)
 283 0138 23349102 		sd	s1,40(sp)
 284              		.cfi_offset 1, -8
 285              		.cfi_offset 8, -16
 286              		.cfi_offset 9, -24
 287 013c 13040104 		addi	s0,sp,64
 288              		.cfi_def_cfa 8, 0
  48:src/print.cpp ****     size_t sstatus = Kernel::r_sstatus();
 289              		.loc 1 48 5
 290              	.LBB38:
 291              	.LBB39:
 129:src/../h/kernel.h ****         __asm__ volatile ("csrr %[sstatus], sstatus" : [sstatus] "=r"(sstatus));
 292              		.loc 2 129 9
 130:src/../h/kernel.h ****         return sstatus;
 293              		.loc 2 130 9
 130:src/../h/kernel.h ****         return sstatus;
 294              		.loc 2 130 80 is_stmt 0
 295              	#APP
 296              	# 130 "src/../h/kernel.h" 1
 297              		csrr a5, sstatus
 298              	# 0 "" 2
 299              	#NO_APP
 300 0144 233CF4FC 		sd	a5,-40(s0)
 301              		.loc 2 131 9 is_stmt 1
 302              		.loc 2 131 16 is_stmt 0
 303 0148 833484FD 		ld	s1,-40(s0)
 304              	.LVL23:
 305              	.LBE39:
 306              	.LBE38:
  49:src/print.cpp ****     Kernel::mc_sstatus(Kernel::SSTATUS_SIE);
 307              		.loc 1 49 5 is_stmt 1
 308              	.LBB40:
 309              	.LBB41:
 124:src/../h/kernel.h ****     }
 310              		.loc 2 124 9
 124:src/../h/kernel.h ****     }
 311              		.loc 2 124 72 is_stmt 0
 312 014c 93072000 		li	a5,2
GAS LISTING /tmp/ccK4da9p.s 			page 10


 313              	#APP
 314              	# 124 "src/../h/kernel.h" 1
 315              		csrc sstatus, a5
 316              	# 0 "" 2
 317              	.LVL24:
 318              	#NO_APP
 319              	.LBE41:
 320              	.LBE40:
  50:src/print.cpp ****     printString("scause: ");
 321              		.loc 1 50 5 is_stmt 1
 322              		.loc 1 50 16 is_stmt 0
 323 0154 17050000 		lla	a0,.LC0
 323      13050500 
 324 015c 97000000 		call	_Z11printStringPKc
 324      E7800000 
 325              	.LVL25:
  51:src/print.cpp ****     printInteger(Kernel::r_scause());
 326              		.loc 1 51 5 is_stmt 1
 327              	.LBB42:
 328              	.LBB43:
  36:src/../h/kernel.h ****         __asm__ volatile ("csrr %[scause], scause" : [scause] "=r"(scause));
 329              		.loc 2 36 9
  37:src/../h/kernel.h ****         return scause;
 330              		.loc 2 37 9
  37:src/../h/kernel.h ****         return scause;
 331              		.loc 2 37 76 is_stmt 0
 332              	#APP
 333              	# 37 "src/../h/kernel.h" 1
 334              		csrr a5, scause
 335              	# 0 "" 2
 336              	#NO_APP
 337 0168 2338F4FC 		sd	a5,-48(s0)
  38:src/../h/kernel.h ****     }
 338              		.loc 2 38 9 is_stmt 1
  38:src/../h/kernel.h ****     }
 339              		.loc 2 38 16 is_stmt 0
 340 016c 033504FD 		ld	a0,-48(s0)
 341              	.LBE43:
 342              	.LBE42:
 343              		.loc 1 51 17
 344 0170 97000000 		call	_Z12printIntegerm
 344      E7800000 
 345              	.LVL26:
  52:src/print.cpp ****     printString("\nsepc: ");
 346              		.loc 1 52 5 is_stmt 1
 347              		.loc 1 52 16 is_stmt 0
 348 0178 17050000 		lla	a0,.LC1
 348      13050500 
 349 0180 97000000 		call	_Z11printStringPKc
 349      E7800000 
 350              	.LVL27:
  53:src/print.cpp ****     printInteger(Kernel::r_sepc());
 351              		.loc 1 53 5 is_stmt 1
 352              	.LBB44:
 353              	.LBB45:
  48:src/../h/kernel.h ****         __asm__ volatile ("csrr %[sepc], sepc" : [sepc] "=r"(sepc));
 354              		.loc 2 48 9
GAS LISTING /tmp/ccK4da9p.s 			page 11


  49:src/../h/kernel.h ****         return sepc;
 355              		.loc 2 49 9
  49:src/../h/kernel.h ****         return sepc;
 356              		.loc 2 49 68 is_stmt 0
 357              	#APP
 358              	# 49 "src/../h/kernel.h" 1
 359              		csrr a5, sepc
 360              	# 0 "" 2
 361              	#NO_APP
 362 018c 2334F4FC 		sd	a5,-56(s0)
  50:src/../h/kernel.h ****     }
 363              		.loc 2 50 9 is_stmt 1
  50:src/../h/kernel.h ****     }
 364              		.loc 2 50 16 is_stmt 0
 365 0190 033584FC 		ld	a0,-56(s0)
 366              	.LBE45:
 367              	.LBE44:
 368              		.loc 1 53 17
 369 0194 97000000 		call	_Z12printIntegerm
 369      E7800000 
 370              	.LVL28:
  54:src/print.cpp ****     printString("\nstval: ");
 371              		.loc 1 54 5 is_stmt 1
 372              		.loc 1 54 16 is_stmt 0
 373 019c 17050000 		lla	a0,.LC2
 373      13050500 
 374 01a4 97000000 		call	_Z11printStringPKc
 374      E7800000 
 375              	.LVL29:
  55:src/print.cpp ****     printInteger(Kernel::r_stval());
 376              		.loc 1 55 5 is_stmt 1
 377              	.LBB46:
 378              	.LBB47:
  72:src/../h/kernel.h ****         __asm__ volatile ("csrr %[stval], stval" : [stval] "=r"(stval));
 379              		.loc 2 72 9
  73:src/../h/kernel.h ****         return stval;
 380              		.loc 2 73 9
  73:src/../h/kernel.h ****         return stval;
 381              		.loc 2 73 72 is_stmt 0
 382              	#APP
 383              	# 73 "src/../h/kernel.h" 1
 384              		csrr a5, stval
 385              	# 0 "" 2
 386              	#NO_APP
 387 01b0 2330F4FC 		sd	a5,-64(s0)
  74:src/../h/kernel.h ****     }
 388              		.loc 2 74 9 is_stmt 1
  74:src/../h/kernel.h ****     }
 389              		.loc 2 74 16 is_stmt 0
 390 01b4 033504FC 		ld	a0,-64(s0)
 391              	.LBE47:
 392              	.LBE46:
 393              		.loc 1 55 17
 394 01b8 97000000 		call	_Z12printIntegerm
 394      E7800000 
 395              	.LVL30:
  56:src/print.cpp ****     Kernel::ms_sstatus(sstatus & Kernel::SSTATUS_SIE ? Kernel::SSTATUS_SIE : 0);
GAS LISTING /tmp/ccK4da9p.s 			page 12


 396              		.loc 1 56 5 is_stmt 1
 397              		.loc 1 56 54 is_stmt 0
 398 01c0 9B840400 		sext.w	s1,s1
 399              	.LVL31:
 400              		.loc 1 56 23
 401 01c4 93F42400 		andi	s1,s1,2
 402 01c8 9B840400 		sext.w	s1,s1
 403              	.LVL32:
 404              	.LBB48:
 405              	.LBB49:
 119:src/../h/kernel.h ****     }
 406              		.loc 2 119 9 is_stmt 1
 119:src/../h/kernel.h ****     }
 407              		.loc 2 119 72 is_stmt 0
 408              	#APP
 409              	# 119 "src/../h/kernel.h" 1
 410              		csrs sstatus, s1
 411              	# 0 "" 2
 412              	.LVL33:
 413              	#NO_APP
 414              	.LBE49:
 415              	.LBE48:
  57:src/print.cpp **** }...
 416              		.loc 1 57 1
 417 01d0 83308103 		ld	ra,56(sp)
 418              		.cfi_restore 1
 419 01d4 03340103 		ld	s0,48(sp)
 420              		.cfi_restore 8
 421              		.cfi_def_cfa 2, 64
 422 01d8 83348102 		ld	s1,40(sp)
 423              		.cfi_restore 9
 424 01dc 13010104 		addi	sp,sp,64
 425              		.cfi_def_cfa_offset 0
 426 01e0 67800000 		jr	ra
 427              		.cfi_endproc
 428              	.LFE19:
 430              		.section	.rodata
 431              		.align	3
 432              		.set	.LANCHOR0,. + 0
 435              	_ZZ12printIntegermE6digits:
 436 0000 30313233 		.string	"0123456789"
 436      34353637 
 436      383900
 437              		.text
 438              	.Letext0:
 439              		.file 3 "src/../h/hw.h"
 440              		.file 4 "src/../h/console.h"
GAS LISTING /tmp/ccK4da9p.s 			page 13


DEFINED SYMBOLS
                            *ABS*:0000000000000000 print.cpp
     /tmp/ccK4da9p.s:9      .text:0000000000000000 _Z11printStringPKc
     /tmp/ccK4da9p.s:13     .text:0000000000000000 .L0 
     /tmp/ccK4da9p.s:15     .text:0000000000000000 .L0 
     /tmp/ccK4da9p.s:16     .text:0000000000000004 .L0 
     /tmp/ccK4da9p.s:21     .text:0000000000000014 .L0 
     /tmp/ccK4da9p.s:22     .text:0000000000000014 .L0 
     /tmp/ccK4da9p.s:23     .text:0000000000000014 .L0 
     /tmp/ccK4da9p.s:24     .text:0000000000000014 .L0 
     /tmp/ccK4da9p.s:26     .text:0000000000000018 .L0 
     /tmp/ccK4da9p.s:32     .text:000000000000001c .L0 
     /tmp/ccK4da9p.s:33     .text:000000000000001c .L0 
     /tmp/ccK4da9p.s:34     .text:000000000000001c .L0 
   src/../h/kernel.h:130    .text:000000000000001c .L0 
     /tmp/ccK4da9p.s:42     .text:0000000000000024 .L0 
     /tmp/ccK4da9p.s:43     .text:0000000000000024 .L0 
     /tmp/ccK4da9p.s:50     .text:0000000000000028 .L0 
     /tmp/ccK4da9p.s:51     .text:0000000000000028 .L0 
     /tmp/ccK4da9p.s:52     .text:0000000000000028 .L0 
     /tmp/ccK4da9p.s:63     .text:0000000000000030 .L0 
     /tmp/ccK4da9p.s:64     .text:0000000000000030 .L0 
     /tmp/ccK4da9p.s:65     .text:0000000000000030 .L0 
     /tmp/ccK4da9p.s:67     .text:0000000000000034 .L0 
     /tmp/ccK4da9p.s:69     .text:0000000000000038 .L0 
     /tmp/ccK4da9p.s:70     .text:0000000000000038 .L0 
     /tmp/ccK4da9p.s:73     .text:0000000000000040 .L0 
     /tmp/ccK4da9p.s:74     .text:0000000000000040 .L0 
     /tmp/ccK4da9p.s:77     .text:0000000000000044 .L0 
     /tmp/ccK4da9p.s:80     .text:0000000000000048 .L0 
     /tmp/ccK4da9p.s:81     .text:0000000000000048 .L0 
     /tmp/ccK4da9p.s:84     .text:000000000000004c .L0 
     /tmp/ccK4da9p.s:90     .text:0000000000000054 .L0 
   src/../h/kernel.h:119    .text:0000000000000054 .L0 
     /tmp/ccK4da9p.s:100    .text:0000000000000058 .L0 
     /tmp/ccK4da9p.s:101    .text:000000000000005c .L0 
     /tmp/ccK4da9p.s:103    .text:0000000000000060 .L0 
     /tmp/ccK4da9p.s:104    .text:0000000000000060 .L0 
     /tmp/ccK4da9p.s:106    .text:0000000000000064 .L0 
     /tmp/ccK4da9p.s:109    .text:0000000000000068 .L0 
     /tmp/ccK4da9p.s:111    .text:000000000000006c .L0 
     /tmp/ccK4da9p.s:113    .text:0000000000000070 .L0 
     /tmp/ccK4da9p.s:119    .text:0000000000000070 _Z12printIntegerm
     /tmp/ccK4da9p.s:122    .text:0000000000000070 .L0 
     /tmp/ccK4da9p.s:124    .text:0000000000000070 .L0 
     /tmp/ccK4da9p.s:125    .text:0000000000000074 .L0 
     /tmp/ccK4da9p.s:130    .text:0000000000000084 .L0 
     /tmp/ccK4da9p.s:131    .text:0000000000000084 .L0 
     /tmp/ccK4da9p.s:132    .text:0000000000000084 .L0 
     /tmp/ccK4da9p.s:133    .text:0000000000000084 .L0 
     /tmp/ccK4da9p.s:135    .text:0000000000000088 .L0 
     /tmp/ccK4da9p.s:139    .text:0000000000000088 .L0 
     /tmp/ccK4da9p.s:140    .text:0000000000000088 .L0 
     /tmp/ccK4da9p.s:141    .text:0000000000000088 .L0 
   src/../h/kernel.h:130    .text:0000000000000088 .L0 
     /tmp/ccK4da9p.s:149    .text:0000000000000090 .L0 
     /tmp/ccK4da9p.s:150    .text:0000000000000090 .L0 
GAS LISTING /tmp/ccK4da9p.s 			page 14


     /tmp/ccK4da9p.s:157    .text:0000000000000094 .L0 
     /tmp/ccK4da9p.s:158    .text:0000000000000094 .L0 
     /tmp/ccK4da9p.s:159    .text:0000000000000094 .L0 
     /tmp/ccK4da9p.s:169    .text:000000000000009c .L0 
     /tmp/ccK4da9p.s:170    .text:000000000000009c .L0 
     /tmp/ccK4da9p.s:171    .text:000000000000009c .L0 
     /tmp/ccK4da9p.s:172    .text:000000000000009c .L0 
     /tmp/ccK4da9p.s:173    .text:000000000000009c .L0 
     /tmp/ccK4da9p.s:174    .text:000000000000009c .L0 
     /tmp/ccK4da9p.s:175    .text:000000000000009c .L0 
     /tmp/ccK4da9p.s:176    .text:000000000000009c .L0 
     /tmp/ccK4da9p.s:179    .text:00000000000000a0 .L0 
     /tmp/ccK4da9p.s:180    .text:00000000000000a0 .L0 
     /tmp/ccK4da9p.s:184    .text:00000000000000a4 .L0 
     /tmp/ccK4da9p.s:185    .text:00000000000000a4 .L0 
     /tmp/ccK4da9p.s:186    .text:00000000000000a4 .L0 
     /tmp/ccK4da9p.s:190    .text:00000000000000ac .L0 
     /tmp/ccK4da9p.s:196    .text:00000000000000c4 .L0 
     /tmp/ccK4da9p.s:202    .text:00000000000000d4 .L0 
     /tmp/ccK4da9p.s:204    .text:00000000000000d8 .L0 
     /tmp/ccK4da9p.s:207    .text:00000000000000dc .L0 
     /tmp/ccK4da9p.s:212    .text:00000000000000e4 .L0 
     /tmp/ccK4da9p.s:213    .text:00000000000000e4 .L0 
     /tmp/ccK4da9p.s:217    .text:00000000000000ec .L0 
     /tmp/ccK4da9p.s:218    .text:00000000000000ec .L0 
     /tmp/ccK4da9p.s:226    .text:0000000000000104 .L0 
     /tmp/ccK4da9p.s:227    .text:0000000000000104 .L0 
     /tmp/ccK4da9p.s:230    .text:0000000000000108 .L0 
     /tmp/ccK4da9p.s:236    .text:0000000000000110 .L0 
   src/../h/kernel.h:119    .text:0000000000000110 .L0 
     /tmp/ccK4da9p.s:246    .text:0000000000000114 .L0 
     /tmp/ccK4da9p.s:247    .text:0000000000000118 .L0 
     /tmp/ccK4da9p.s:249    .text:000000000000011c .L0 
     /tmp/ccK4da9p.s:250    .text:000000000000011c .L0 
     /tmp/ccK4da9p.s:252    .text:0000000000000120 .L0 
     /tmp/ccK4da9p.s:254    .text:0000000000000124 .L0 
     /tmp/ccK4da9p.s:256    .text:0000000000000128 .L0 
     /tmp/ccK4da9p.s:258    .text:000000000000012c .L0 
     /tmp/ccK4da9p.s:275    .text:000000000000012c _Z10printErrorv
     /tmp/ccK4da9p.s:278    .text:000000000000012c .L0 
     /tmp/ccK4da9p.s:279    .text:000000000000012c .L0 
     /tmp/ccK4da9p.s:280    .text:0000000000000130 .L0 
     /tmp/ccK4da9p.s:284    .text:000000000000013c .L0 
     /tmp/ccK4da9p.s:285    .text:000000000000013c .L0 
     /tmp/ccK4da9p.s:286    .text:000000000000013c .L0 
     /tmp/ccK4da9p.s:288    .text:0000000000000140 .L0 
     /tmp/ccK4da9p.s:292    .text:0000000000000140 .L0 
     /tmp/ccK4da9p.s:293    .text:0000000000000140 .L0 
     /tmp/ccK4da9p.s:294    .text:0000000000000140 .L0 
   src/../h/kernel.h:130    .text:0000000000000140 .L0 
     /tmp/ccK4da9p.s:302    .text:0000000000000148 .L0 
     /tmp/ccK4da9p.s:303    .text:0000000000000148 .L0 
     /tmp/ccK4da9p.s:310    .text:000000000000014c .L0 
     /tmp/ccK4da9p.s:311    .text:000000000000014c .L0 
     /tmp/ccK4da9p.s:312    .text:000000000000014c .L0 
     /tmp/ccK4da9p.s:322    .text:0000000000000154 .L0 
     /tmp/ccK4da9p.s:323    .text:0000000000000154 .L0 
GAS LISTING /tmp/ccK4da9p.s 			page 15


     /tmp/ccK4da9p.s:329    .text:0000000000000164 .L0 
     /tmp/ccK4da9p.s:330    .text:0000000000000164 .L0 
     /tmp/ccK4da9p.s:331    .text:0000000000000164 .L0 
   src/../h/kernel.h:37     .text:0000000000000164 .L0 
     /tmp/ccK4da9p.s:339    .text:000000000000016c .L0 
     /tmp/ccK4da9p.s:340    .text:000000000000016c .L0 
     /tmp/ccK4da9p.s:344    .text:0000000000000170 .L0 
     /tmp/ccK4da9p.s:347    .text:0000000000000178 .L0 
     /tmp/ccK4da9p.s:348    .text:0000000000000178 .L0 
     /tmp/ccK4da9p.s:354    .text:0000000000000188 .L0 
     /tmp/ccK4da9p.s:355    .text:0000000000000188 .L0 
     /tmp/ccK4da9p.s:356    .text:0000000000000188 .L0 
   src/../h/kernel.h:49     .text:0000000000000188 .L0 
     /tmp/ccK4da9p.s:364    .text:0000000000000190 .L0 
     /tmp/ccK4da9p.s:365    .text:0000000000000190 .L0 
     /tmp/ccK4da9p.s:369    .text:0000000000000194 .L0 
     /tmp/ccK4da9p.s:372    .text:000000000000019c .L0 
     /tmp/ccK4da9p.s:373    .text:000000000000019c .L0 
     /tmp/ccK4da9p.s:379    .text:00000000000001ac .L0 
     /tmp/ccK4da9p.s:380    .text:00000000000001ac .L0 
     /tmp/ccK4da9p.s:381    .text:00000000000001ac .L0 
   src/../h/kernel.h:73     .text:00000000000001ac .L0 
     /tmp/ccK4da9p.s:389    .text:00000000000001b4 .L0 
     /tmp/ccK4da9p.s:390    .text:00000000000001b4 .L0 
     /tmp/ccK4da9p.s:394    .text:00000000000001b8 .L0 
     /tmp/ccK4da9p.s:397    .text:00000000000001c0 .L0 
     /tmp/ccK4da9p.s:398    .text:00000000000001c0 .L0 
     /tmp/ccK4da9p.s:401    .text:00000000000001c4 .L0 
     /tmp/ccK4da9p.s:407    .text:00000000000001cc .L0 
   src/../h/kernel.h:119    .text:00000000000001cc .L0 
     /tmp/ccK4da9p.s:417    .text:00000000000001d0 .L0 
     /tmp/ccK4da9p.s:418    .text:00000000000001d4 .L0 
     /tmp/ccK4da9p.s:420    .text:00000000000001d8 .L0 
     /tmp/ccK4da9p.s:421    .text:00000000000001d8 .L0 
     /tmp/ccK4da9p.s:423    .text:00000000000001dc .L0 
     /tmp/ccK4da9p.s:425    .text:00000000000001e0 .L0 
     /tmp/ccK4da9p.s:427    .text:00000000000001e4 .L0 
     /tmp/ccK4da9p.s:432    .rodata:0000000000000000 .LANCHOR0
     /tmp/ccK4da9p.s:435    .rodata:0000000000000000 _ZZ12printIntegermE6digits
     /tmp/ccK4da9p.s:441    .text:00000000000001e4 .L0 
     /tmp/ccK4da9p.s:192    .text:00000000000000b4 .L0 
     /tmp/ccK4da9p.s:263    .rodata.str1.8:0000000000000000 .LC0
     /tmp/ccK4da9p.s:323    .text:0000000000000154 .L0 
     /tmp/ccK4da9p.s:266    .rodata.str1.8:0000000000000010 .LC1
     /tmp/ccK4da9p.s:348    .text:0000000000000178 .L0 
     /tmp/ccK4da9p.s:269    .rodata.str1.8:0000000000000018 .LC2
     /tmp/ccK4da9p.s:373    .text:000000000000019c .L0 
     /tmp/ccK4da9p.s:78     .text:0000000000000048 .L2
     /tmp/ccK4da9p.s:59     .text:0000000000000030 .L3
     /tmp/ccK4da9p.s:182    .text:00000000000000a4 .L6
     /tmp/ccK4da9p.s:224    .text:0000000000000104 .L7
     /tmp/ccK4da9p.s:210    .text:00000000000000e4 .L8
     /tmp/ccK4da9p.s:1205   .debug_abbrev:0000000000000000 .Ldebug_abbrev0
     /tmp/ccK4da9p.s:2086   .debug_str:0000000000000367 .LASF66
     /tmp/ccK4da9p.s:2104   .debug_str:00000000000004b9 .LASF67
     /tmp/ccK4da9p.s:2102   .debug_str:000000000000049b .LASF68
     /tmp/ccK4da9p.s:5      .text:0000000000000000 .Ltext0
GAS LISTING /tmp/ccK4da9p.s 			page 16


     /tmp/ccK4da9p.s:438    .text:00000000000001e4 .Letext0
     /tmp/ccK4da9p.s:1954   .debug_line:0000000000000000 .Ldebug_line0
     /tmp/ccK4da9p.s:2048   .debug_str:0000000000000268 .LASF0
     /tmp/ccK4da9p.s:1986   .debug_str:000000000000009a .LASF3
     /tmp/ccK4da9p.s:2054   .debug_str:000000000000028d .LASF1
     /tmp/ccK4da9p.s:2040   .debug_str:0000000000000229 .LASF2
     /tmp/ccK4da9p.s:2020   .debug_str:0000000000000196 .LASF4
     /tmp/ccK4da9p.s:2076   .debug_str:000000000000033b .LASF5
     /tmp/ccK4da9p.s:1976   .debug_str:0000000000000061 .LASF6
     /tmp/ccK4da9p.s:2056   .debug_str:00000000000002a0 .LASF7
     /tmp/ccK4da9p.s:2046   .debug_str:0000000000000255 .LASF8
     /tmp/ccK4da9p.s:2094   .debug_str:0000000000000460 .LASF9
     /tmp/ccK4da9p.s:2014   .debug_str:000000000000016c .LASF10
     /tmp/ccK4da9p.s:2060   .debug_str:00000000000002b8 .LASF11
     /tmp/ccK4da9p.s:2088   .debug_str:000000000000042b .LASF12
     /tmp/ccK4da9p.s:1980   .debug_str:0000000000000074 .LASF13
     /tmp/ccK4da9p.s:1960   .debug_str:0000000000000010 .LASF14
     /tmp/ccK4da9p.s:1984   .debug_str:000000000000008e .LASF15
     /tmp/ccK4da9p.s:2074   .debug_str:0000000000000325 .LASF16
     /tmp/ccK4da9p.s:1992   .debug_str:00000000000000c1 .LASF17
     /tmp/ccK4da9p.s:2100   .debug_str:0000000000000494 .LASF69
     /tmp/ccK4da9p.s:1994   .debug_str:00000000000000d7 .LASF70
     /tmp/ccK4da9p.s:1988   .debug_str:000000000000009f .LASF18
     /tmp/ccK4da9p.s:2034   .debug_str:00000000000001ee .LASF19
     /tmp/ccK4da9p.s:1978   .debug_str:0000000000000068 .LASF20
     /tmp/ccK4da9p.s:1958   .debug_str:0000000000000008 .LASF71
     /tmp/ccK4da9p.s:2004   .debug_str:000000000000012e .LASF72
     /tmp/ccK4da9p.s:2072   .debug_str:000000000000031a .LASF73
     /tmp/ccK4da9p.s:2062   .debug_str:00000000000002c7 .LASF74
     /tmp/ccK4da9p.s:1962   .debug_str:0000000000000020 .LASF21
     /tmp/ccK4da9p.s:1996   .debug_str:00000000000000e6 .LASF23
     /tmp/ccK4da9p.s:2002   .debug_str:0000000000000125 .LASF25
     /tmp/ccK4da9p.s:1990   .debug_str:00000000000000ab .LASF27
     /tmp/ccK4da9p.s:2078   .debug_str:000000000000034d .LASF22
     /tmp/ccK4da9p.s:2044   .debug_str:0000000000000241 .LASF24
     /tmp/ccK4da9p.s:2080   .debug_str:0000000000000354 .LASF26
     /tmp/ccK4da9p.s:1966   .debug_str:0000000000000030 .LASF28
     /tmp/ccK4da9p.s:2008   .debug_str:0000000000000158 .LASF29
     /tmp/ccK4da9p.s:2006   .debug_str:0000000000000143 .LASF30
     /tmp/ccK4da9p.s:1956   .debug_str:0000000000000000 .LASF31
     /tmp/ccK4da9p.s:2032   .debug_str:00000000000001d9 .LASF32
     /tmp/ccK4da9p.s:1974   .debug_str:0000000000000059 .LASF33
     /tmp/ccK4da9p.s:2036   .debug_str:00000000000001fb .LASF34
     /tmp/ccK4da9p.s:2110   .debug_str:00000000000004e5 .LASF35
     /tmp/ccK4da9p.s:2016   .debug_str:000000000000017a .LASF36
     /tmp/ccK4da9p.s:2064   .debug_str:00000000000002e0 .LASF37
     /tmp/ccK4da9p.s:2092   .debug_str:000000000000044c .LASF38
     /tmp/ccK4da9p.s:1972   .debug_str:0000000000000052 .LASF39
     /tmp/ccK4da9p.s:2066   .debug_str:00000000000002e7 .LASF40
     /tmp/ccK4da9p.s:2010   .debug_str:0000000000000160 .LASF41
     /tmp/ccK4da9p.s:2022   .debug_str:000000000000019d .LASF42
     /tmp/ccK4da9p.s:1968   .debug_str:0000000000000044 .LASF43
     /tmp/ccK4da9p.s:2050   .debug_str:0000000000000275 .LASF44
     /tmp/ccK4da9p.s:2108   .debug_str:00000000000004da .LASF45
     /tmp/ccK4da9p.s:2038   .debug_str:0000000000000210 .LASF46
     /tmp/ccK4da9p.s:2024   .debug_str:00000000000001b0 .LASF47
     /tmp/ccK4da9p.s:2000   .debug_str:000000000000010c .LASF48
GAS LISTING /tmp/ccK4da9p.s 			page 17


     /tmp/ccK4da9p.s:1982   .debug_str:0000000000000084 .LASF49
     /tmp/ccK4da9p.s:2096   .debug_str:0000000000000470 .LASF50
     /tmp/ccK4da9p.s:2042   .debug_str:0000000000000237 .LASF75
     /tmp/ccK4da9p.s:2068   .debug_str:00000000000002fb .LASF76
     /tmp/ccK4da9p.s:2028   .debug_str:00000000000001c7 .LASF52
     /tmp/ccK4da9p.s:1998   .debug_str:00000000000000fc .LASF54
     /tmp/ccK4da9p.s:276    .text:000000000000012c .LFB19
     /tmp/ccK4da9p.s:428    .text:00000000000001e4 .LFE19
     /tmp/ccK4da9p.s:2070   .debug_str:0000000000000312 .LASF51
     /tmp/ccK4da9p.s:1806   .debug_loc:0000000000000000 .LLST10
     /tmp/ccK4da9p.s:290    .text:0000000000000140 .LBB38
     /tmp/ccK4da9p.s:306    .text:000000000000014c .LBE38
     /tmp/ccK4da9p.s:308    .text:000000000000014c .LBB40
     /tmp/ccK4da9p.s:320    .text:0000000000000154 .LBE40
     /tmp/ccK4da9p.s:1813   .debug_loc:0000000000000023 .LLST11
     /tmp/ccK4da9p.s:327    .text:0000000000000164 .LBB42
     /tmp/ccK4da9p.s:342    .text:0000000000000170 .LBE42
     /tmp/ccK4da9p.s:352    .text:0000000000000188 .LBB44
     /tmp/ccK4da9p.s:367    .text:0000000000000194 .LBE44
     /tmp/ccK4da9p.s:377    .text:00000000000001ac .LBB46
     /tmp/ccK4da9p.s:392    .text:00000000000001b8 .LBE46
     /tmp/ccK4da9p.s:404    .text:00000000000001cc .LBB48
     /tmp/ccK4da9p.s:415    .text:00000000000001d0 .LBE48
     /tmp/ccK4da9p.s:1821   .debug_loc:0000000000000047 .LLST12
     /tmp/ccK4da9p.s:325    .text:0000000000000164 .LVL25
     /tmp/ccK4da9p.s:345    .text:0000000000000178 .LVL26
     /tmp/ccK4da9p.s:350    .text:0000000000000188 .LVL27
     /tmp/ccK4da9p.s:370    .text:000000000000019c .LVL28
     /tmp/ccK4da9p.s:375    .text:00000000000001ac .LVL29
     /tmp/ccK4da9p.s:395    .text:00000000000001c0 .LVL30
     /tmp/ccK4da9p.s:2098   .debug_str:0000000000000487 .LASF53
     /tmp/ccK4da9p.s:2090   .debug_str:000000000000043a .LASF55
     /tmp/ccK4da9p.s:120    .text:0000000000000070 .LFB18
     /tmp/ccK4da9p.s:259    .text:000000000000012c .LFE18
     /tmp/ccK4da9p.s:1970   .debug_str:000000000000004a .LASF60
     /tmp/ccK4da9p.s:1828   .debug_loc:000000000000006a .LLST4
     /tmp/ccK4da9p.s:1842   .debug_loc:00000000000000a3 .LLST5
     /tmp/ccK4da9p.s:2030   .debug_str:00000000000001d2 .LASF56
     /tmp/ccK4da9p.s:1849   .debug_loc:00000000000000c6 .LLST6
     /tmp/ccK4da9p.s:1871   .debug_loc:0000000000000125 .LLST7
     /tmp/ccK4da9p.s:137    .text:0000000000000088 .LBB32
     /tmp/ccK4da9p.s:153    .text:0000000000000094 .LBE32
     /tmp/ccK4da9p.s:155    .text:0000000000000094 .LBB34
     /tmp/ccK4da9p.s:167    .text:000000000000009c .LBE34
     /tmp/ccK4da9p.s:1893   .debug_loc:0000000000000166 .LLST8
     /tmp/ccK4da9p.s:233    .text:0000000000000110 .LBB36
     /tmp/ccK4da9p.s:244    .text:0000000000000114 .LBE36
     /tmp/ccK4da9p.s:1901   .debug_loc:000000000000018a .LLST9
     /tmp/ccK4da9p.s:222    .text:0000000000000100 .LVL19
     /tmp/ccK4da9p.s:2058   .debug_str:00000000000002b3 .LASF57
     /tmp/ccK4da9p.s:2026   .debug_str:00000000000001bb .LASF58
     /tmp/ccK4da9p.s:2106   .debug_str:00000000000004c7 .LASF59
     /tmp/ccK4da9p.s:10     .text:0000000000000000 .LFB17
     /tmp/ccK4da9p.s:114    .text:0000000000000070 .LFE17
     /tmp/ccK4da9p.s:2018   .debug_str:000000000000018f .LASF61
     /tmp/ccK4da9p.s:1908   .debug_loc:00000000000001ad .LLST0
     /tmp/ccK4da9p.s:1919   .debug_loc:00000000000001e3 .LLST1
GAS LISTING /tmp/ccK4da9p.s 			page 18


     /tmp/ccK4da9p.s:29     .text:000000000000001c .LBB26
     /tmp/ccK4da9p.s:46     .text:0000000000000028 .LBE26
     /tmp/ccK4da9p.s:48     .text:0000000000000028 .LBB28
     /tmp/ccK4da9p.s:61     .text:0000000000000030 .LBE28
     /tmp/ccK4da9p.s:1926   .debug_loc:0000000000000206 .LLST2
     /tmp/ccK4da9p.s:87     .text:0000000000000054 .LBB30
     /tmp/ccK4da9p.s:98     .text:0000000000000058 .LBE30
     /tmp/ccK4da9p.s:1934   .debug_loc:000000000000022a .LLST3
     /tmp/ccK4da9p.s:71     .text:0000000000000040 .LVL3
     /tmp/ccK4da9p.s:2084   .debug_str:0000000000000362 .LASF62
     /tmp/ccK4da9p.s:2012   .debug_str:0000000000000166 .LASF63
     /tmp/ccK4da9p.s:2052   .debug_str:0000000000000288 .LASF64
     /tmp/ccK4da9p.s:1964   .debug_str:0000000000000029 .LASF65
     /tmp/ccK4da9p.s:2082   .debug_str:000000000000035b .LASF77
     /tmp/ccK4da9p.s:304    .text:000000000000014c .LVL23
     /tmp/ccK4da9p.s:399    .text:00000000000001c4 .LVL31
     /tmp/ccK4da9p.s:317    .text:0000000000000154 .LVL24
     /tmp/ccK4da9p.s:403    .text:00000000000001cc .LVL32
     /tmp/ccK4da9p.s:412    .text:00000000000001d0 .LVL33
     /tmp/ccK4da9p.s:123    .text:0000000000000070 .LVL9
     /tmp/ccK4da9p.s:177    .text:00000000000000a0 .LVL12
     /tmp/ccK4da9p.s:151    .text:0000000000000094 .LVL10
     /tmp/ccK4da9p.s:228    .text:0000000000000108 .LVL20
     /tmp/ccK4da9p.s:181    .text:00000000000000a4 .LVL13
     /tmp/ccK4da9p.s:188    .text:00000000000000ac .LVL14
     /tmp/ccK4da9p.s:199    .text:00000000000000d0 .LVL15
     /tmp/ccK4da9p.s:209    .text:00000000000000e4 .LVL17
     /tmp/ccK4da9p.s:214    .text:00000000000000e8 .LVL18
     /tmp/ccK4da9p.s:205    .text:00000000000000dc .LVL16
     /tmp/ccK4da9p.s:164    .text:000000000000009c .LVL11
     /tmp/ccK4da9p.s:232    .text:0000000000000110 .LVL21
     /tmp/ccK4da9p.s:241    .text:0000000000000114 .LVL22
     /tmp/ccK4da9p.s:14     .text:0000000000000000 .LVL0
     /tmp/ccK4da9p.s:57     .text:0000000000000030 .LVL2
     /tmp/ccK4da9p.s:107    .text:0000000000000064 .LVL8
     /tmp/ccK4da9p.s:44     .text:0000000000000028 .LVL1
     /tmp/ccK4da9p.s:82     .text:000000000000004c .LVL5
     /tmp/ccK4da9p.s:86     .text:0000000000000054 .LVL6
     /tmp/ccK4da9p.s:95     .text:0000000000000058 .LVL7
     /tmp/ccK4da9p.s:442    .debug_info:0000000000000000 .Ldebug_info0

UNDEFINED SYMBOLS
__putc
