GAS LISTING /tmp/ccdAszcp.s 			page 1


   1              		.file	"userMain.cpp"
   2              		.option pic
   3              		.option norelax
   4              		.text
   5              	.Ltext0:
   6              		.align	2
   7              		.globl	_Z8userMainv
   9              	_Z8userMainv:
  10              	.LFB8:
  11              		.file 1 "src/userMain.cpp"
   1:src/userMain.cpp **** #include "../h/hw.h"
   2:src/userMain.cpp **** #include "../h/print.h"
   3:src/userMain.cpp **** #include "../h/console.h"
   4:src/userMain.cpp **** #include "../h/syscall_c.h"
   5:src/userMain.cpp **** #include "../h/PCB.h"
   6:src/userMain.cpp **** 
   7:src/userMain.cpp **** /*void nitA(void* x) {
   8:src/userMain.cpp ****     printString("nit A\n");
   9:src/userMain.cpp ****     thread_dispatch();
  10:src/userMain.cpp ****     for(int i = 0; i < 30000; i++) {
  11:src/userMain.cpp ****         for(int j = 0; j < 10000; j++) {
  12:src/userMain.cpp ****             // uposleno cekanje
  13:src/userMain.cpp ****         }
  14:src/userMain.cpp ****     }
  15:src/userMain.cpp **** 
  16:src/userMain.cpp ****     printInt(*(int*)x);
  17:src/userMain.cpp ****     printString("\nKraj niti A\n");
  18:src/userMain.cpp **** }
  19:src/userMain.cpp **** 
  20:src/userMain.cpp **** void nitB(void* c) {
  21:src/userMain.cpp ****     printString("nit B\n");
  22:src/userMain.cpp ****     __putc(*(char*)c);
  23:src/userMain.cpp ****     __putc('\n');
  24:src/userMain.cpp **** }*/
  25:src/userMain.cpp **** 
  26:src/userMain.cpp **** 
  27:src/userMain.cpp **** 
  28:src/userMain.cpp **** void userMain() {
  12              		.loc 1 28 17
  13              		.cfi_startproc
  14 0000 130101FF 		addi	sp,sp,-16
  15              		.cfi_def_cfa_offset 16
  16 0004 23348100 		sd	s0,8(sp)
  17              		.cfi_offset 8, -8
  18 0008 13040101 		addi	s0,sp,16
  19              		.cfi_def_cfa 8, 0
  29:src/userMain.cpp ****     return;
  20              		.loc 1 29 5
  30:src/userMain.cpp **** }
  21              		.loc 1 30 1 is_stmt 0
  22 000c 03348100 		ld	s0,8(sp)
  23              		.cfi_restore 8
  24              		.cfi_def_cfa 2, 16
  25 0010 13010101 		addi	sp,sp,16
  26              		.cfi_def_cfa_offset 0
  27 0014 67800000 		jr	ra
  28              		.cfi_endproc
GAS LISTING /tmp/ccdAszcp.s 			page 2


  29              	.LFE8:
  31              	.Letext0:
  32              		.file 2 "src/../h/hw.h"
  33              		.file 3 "src/../h/syscall_c.h"
GAS LISTING /tmp/ccdAszcp.s 			page 3


DEFINED SYMBOLS
                            *ABS*:0000000000000000 userMain.cpp
     /tmp/ccdAszcp.s:9      .text:0000000000000000 _Z8userMainv
     /tmp/ccdAszcp.s:13     .text:0000000000000000 .L0 
     /tmp/ccdAszcp.s:14     .text:0000000000000000 .L0 
     /tmp/ccdAszcp.s:15     .text:0000000000000004 .L0 
     /tmp/ccdAszcp.s:17     .text:0000000000000008 .L0 
     /tmp/ccdAszcp.s:19     .text:000000000000000c .L0 
     /tmp/ccdAszcp.s:21     .text:000000000000000c .L0 
     /tmp/ccdAszcp.s:22     .text:000000000000000c .L0 
     /tmp/ccdAszcp.s:23     .text:0000000000000010 .L0 
     /tmp/ccdAszcp.s:24     .text:0000000000000010 .L0 
     /tmp/ccdAszcp.s:26     .text:0000000000000014 .L0 
     /tmp/ccdAszcp.s:28     .text:0000000000000018 .L0 
     /tmp/ccdAszcp.s:34     .text:0000000000000018 .L0 
     /tmp/ccdAszcp.s:185    .debug_abbrev:0000000000000000 .Ldebug_abbrev0
     /tmp/ccdAszcp.s:400    .debug_str:00000000000000c9 .LASF18
     /tmp/ccdAszcp.s:414    .debug_str:00000000000001e9 .LASF19
     /tmp/ccdAszcp.s:398    .debug_str:00000000000000ab .LASF20
     /tmp/ccdAszcp.s:5      .text:0000000000000000 .Ltext0
     /tmp/ccdAszcp.s:31     .text:0000000000000018 .Letext0
     /tmp/ccdAszcp.s:372    .debug_line:0000000000000000 .Ldebug_line0
     /tmp/ccdAszcp.s:404    .debug_str:0000000000000196 .LASF0
     /tmp/ccdAszcp.s:394    .debug_str:000000000000008c .LASF1
     /tmp/ccdAszcp.s:390    .debug_str:000000000000006c .LASF2
     /tmp/ccdAszcp.s:380    .debug_str:0000000000000028 .LASF4
     /tmp/ccdAszcp.s:392    .debug_str:000000000000007a .LASF3
     /tmp/ccdAszcp.s:376    .debug_str:0000000000000013 .LASF5
     /tmp/ccdAszcp.s:374    .debug_str:0000000000000000 .LASF6
     /tmp/ccdAszcp.s:386    .debug_str:000000000000004a .LASF7
     /tmp/ccdAszcp.s:406    .debug_str:00000000000001a3 .LASF8
     /tmp/ccdAszcp.s:378    .debug_str:000000000000001a .LASF9
     /tmp/ccdAszcp.s:418    .debug_str:0000000000000207 .LASF10
     /tmp/ccdAszcp.s:388    .debug_str:000000000000005d .LASF11
     /tmp/ccdAszcp.s:412    .debug_str:00000000000001d9 .LASF12
     /tmp/ccdAszcp.s:410    .debug_str:00000000000001c9 .LASF13
     /tmp/ccdAszcp.s:396    .debug_str:000000000000009f .LASF14
     /tmp/ccdAszcp.s:384    .debug_str:0000000000000034 .LASF15
     /tmp/ccdAszcp.s:408    .debug_str:00000000000001b3 .LASF16
     /tmp/ccdAszcp.s:382    .debug_str:000000000000002f .LASF17
     /tmp/ccdAszcp.s:402    .debug_str:000000000000018d .LASF21
     /tmp/ccdAszcp.s:416    .debug_str:00000000000001fa .LASF22
     /tmp/ccdAszcp.s:10     .text:0000000000000000 .LFB8
     /tmp/ccdAszcp.s:29     .text:0000000000000018 .LFE8
     /tmp/ccdAszcp.s:35     .debug_info:0000000000000000 .Ldebug_info0

NO UNDEFINED SYMBOLS
